[2023-02-12 13:52:55,286] {manager.py:480} INFO - Processing files using up to 1 processes at a time 
[2023-02-12 13:52:55,287] {manager.py:481} INFO - Process each file at most once every 30 seconds
[2023-02-12 13:52:55,287] {manager.py:482} INFO - Checking for new files in /Users/mikeiasoliveira/Documents/Projetos/etl_twitter/airflow/dags every 300 seconds
[2023-02-12 13:52:55,287] {manager.py:690} INFO - Searching for files in /Users/mikeiasoliveira/Documents/Projetos/etl_twitter/airflow/dags
[2023-02-12 13:52:56,069] {manager.py:693} INFO - There are 34 files in /Users/mikeiasoliveira/Documents/Projetos/etl_twitter/airflow/dags
[2023-02-12 13:53:12,186] {manager.py:809} INFO - 
================================================================================
DAG File Processing Stats

File Path                                                                                                                                                PID    Runtime      # DAGs    # Errors  Last Runtime    Last Run
-------------------------------------------------------------------------------------------------------------------------------------------------------  -----  ---------  --------  ----------  --------------  -------------------
/Users/mikeiasoliveira/Documents/Projetos/etl_twitter/.env/lib/python3.10/site-packages/airflow/example_dags/example_latest_only.py                                               0           0
/Users/mikeiasoliveira/Documents/Projetos/etl_twitter/.env/lib/python3.10/site-packages/airflow/example_dags/example_local_kubernetes_executor.py                                 0           0
/Users/mikeiasoliveira/Documents/Projetos/etl_twitter/.env/lib/python3.10/site-packages/airflow/example_dags/example_task_group_decorator.py                                      0           0
/Users/mikeiasoliveira/Documents/Projetos/etl_twitter/.env/lib/python3.10/site-packages/airflow/example_dags/example_complex.py                                                   0           0
/Users/mikeiasoliveira/Documents/Projetos/etl_twitter/.env/lib/python3.10/site-packages/airflow/example_dags/example_python_operator.py                                           0           0
/Users/mikeiasoliveira/Documents/Projetos/etl_twitter/.env/lib/python3.10/site-packages/airflow/example_dags/tutorial_taskflow_api_etl.py                                         0           0
/Users/mikeiasoliveira/Documents/Projetos/etl_twitter/.env/lib/python3.10/site-packages/airflow/example_dags/example_external_task_marker_dag.py                                  0           0
/Users/mikeiasoliveira/Documents/Projetos/etl_twitter/.env/lib/python3.10/site-packages/airflow/example_dags/example_bash_operator.py                                             0           0
/Users/mikeiasoliveira/Documents/Projetos/etl_twitter/.env/lib/python3.10/site-packages/airflow/example_dags/example_short_circuit_operator.py                                    0           0
/Users/mikeiasoliveira/Documents/Projetos/etl_twitter/.env/lib/python3.10/site-packages/airflow/example_dags/example_branch_operator.py                                           0           0
/Users/mikeiasoliveira/Documents/Projetos/etl_twitter/.env/lib/python3.10/site-packages/airflow/example_dags/tutorial_etl_dag.py                                                  0           0
/Users/mikeiasoliveira/Documents/Projetos/etl_twitter/.env/lib/python3.10/site-packages/airflow/example_dags/example_branch_labels.py                                             0           0
/Users/mikeiasoliveira/Documents/Projetos/etl_twitter/.env/lib/python3.10/site-packages/airflow/example_dags/example_task_group.py                                                0           0
/Users/mikeiasoliveira/Documents/Projetos/etl_twitter/.env/lib/python3.10/site-packages/airflow/example_dags/tutorial_taskflow_api_etl_virtualenv.py                              0           0
/Users/mikeiasoliveira/Documents/Projetos/etl_twitter/.env/lib/python3.10/site-packages/airflow/example_dags/tutorial.py                                                          0           0
/Users/mikeiasoliveira/Documents/Projetos/etl_twitter/.env/lib/python3.10/site-packages/airflow/example_dags/example_sla_dag.py                                                   0           0
/Users/mikeiasoliveira/Documents/Projetos/etl_twitter/.env/lib/python3.10/site-packages/airflow/example_dags/example_passing_params_via_test_command.py                           0           0
/Users/mikeiasoliveira/Documents/Projetos/etl_twitter/.env/lib/python3.10/site-packages/airflow/example_dags/example_latest_only_with_trigger.py                                  0           0
/Users/mikeiasoliveira/Documents/Projetos/etl_twitter/.env/lib/python3.10/site-packages/airflow/example_dags/example_time_delta_sensor_async.py                                   0           0
/Users/mikeiasoliveira/Documents/Projetos/etl_twitter/.env/lib/python3.10/site-packages/airflow/example_dags/example_dag_decorator.py                                             0           0
/Users/mikeiasoliveira/Documents/Projetos/etl_twitter/.env/lib/python3.10/site-packages/airflow/example_dags/example_xcom.py                                                      0           0
/Users/mikeiasoliveira/Documents/Projetos/etl_twitter/.env/lib/python3.10/site-packages/airflow/example_dags/example_xcomargs.py                                                  0           0
/Users/mikeiasoliveira/Documents/Projetos/etl_twitter/.env/lib/python3.10/site-packages/airflow/example_dags/example_branch_operator_decorator.py                                 0           0
/Users/mikeiasoliveira/Documents/Projetos/etl_twitter/.env/lib/python3.10/site-packages/airflow/example_dags/example_branch_day_of_week_operator.py                               0           0
/Users/mikeiasoliveira/Documents/Projetos/etl_twitter/.env/lib/python3.10/site-packages/airflow/example_dags/example_skip_dag.py                                                  0           0
/Users/mikeiasoliveira/Documents/Projetos/etl_twitter/.env/lib/python3.10/site-packages/airflow/example_dags/example_trigger_target_dag.py                                        0           0
/Users/mikeiasoliveira/Documents/Projetos/etl_twitter/.env/lib/python3.10/site-packages/airflow/example_dags/example_kubernetes_executor.py                                       0           0
/Users/mikeiasoliveira/Documents/Projetos/etl_twitter/.env/lib/python3.10/site-packages/airflow/example_dags/example_branch_python_dop_operator_3.py                              0           0
/Users/mikeiasoliveira/Documents/Projetos/etl_twitter/.env/lib/python3.10/site-packages/airflow/example_dags/example_branch_datetime_operator.py                                  0           0
/Users/mikeiasoliveira/Documents/Projetos/etl_twitter/.env/lib/python3.10/site-packages/airflow/example_dags/example_nested_branch_dag.py                                         0           0
/Users/mikeiasoliveira/Documents/Projetos/etl_twitter/.env/lib/python3.10/site-packages/airflow/example_dags/example_subdag_operator.py                                           0           0
/Users/mikeiasoliveira/Documents/Projetos/etl_twitter/.env/lib/python3.10/site-packages/airflow/example_dags/example_trigger_controller_dag.py                                    0           0
/Users/mikeiasoliveira/Documents/Projetos/etl_twitter/.env/lib/python3.10/site-packages/airflow/example_dags/plugins/workday.py                                                   0           0
/Users/mikeiasoliveira/Documents/Projetos/etl_twitter/.env/lib/python3.10/site-packages/airflow/example_dags/subdags/subdag.py                                                    0           0  15.85s          2023-02-12T16:53:12
================================================================================
[2023-02-12 13:54:05,160] {manager.py:809} INFO - 
================================================================================
DAG File Processing Stats

File Path                                                                                                                                                PID    Runtime      # DAGs    # Errors  Last Runtime    Last Run
-------------------------------------------------------------------------------------------------------------------------------------------------------  -----  ---------  --------  ----------  --------------  -------------------
/Users/mikeiasoliveira/Documents/Projetos/etl_twitter/.env/lib/python3.10/site-packages/airflow/example_dags/example_latest_only.py                                               0           0
/Users/mikeiasoliveira/Documents/Projetos/etl_twitter/.env/lib/python3.10/site-packages/airflow/example_dags/example_local_kubernetes_executor.py                                 0           0
/Users/mikeiasoliveira/Documents/Projetos/etl_twitter/.env/lib/python3.10/site-packages/airflow/example_dags/example_task_group_decorator.py                                      0           0
/Users/mikeiasoliveira/Documents/Projetos/etl_twitter/.env/lib/python3.10/site-packages/airflow/example_dags/example_complex.py                                                   0           0
/Users/mikeiasoliveira/Documents/Projetos/etl_twitter/.env/lib/python3.10/site-packages/airflow/example_dags/example_python_operator.py                                           0           0
/Users/mikeiasoliveira/Documents/Projetos/etl_twitter/.env/lib/python3.10/site-packages/airflow/example_dags/tutorial_taskflow_api_etl.py                                         0           0
/Users/mikeiasoliveira/Documents/Projetos/etl_twitter/.env/lib/python3.10/site-packages/airflow/example_dags/example_external_task_marker_dag.py                                  0           0
/Users/mikeiasoliveira/Documents/Projetos/etl_twitter/.env/lib/python3.10/site-packages/airflow/example_dags/example_bash_operator.py                                             0           0
/Users/mikeiasoliveira/Documents/Projetos/etl_twitter/.env/lib/python3.10/site-packages/airflow/example_dags/example_short_circuit_operator.py                                    0           0
/Users/mikeiasoliveira/Documents/Projetos/etl_twitter/.env/lib/python3.10/site-packages/airflow/example_dags/example_branch_operator.py                                           0           0
/Users/mikeiasoliveira/Documents/Projetos/etl_twitter/.env/lib/python3.10/site-packages/airflow/example_dags/tutorial_etl_dag.py                                                  0           0
/Users/mikeiasoliveira/Documents/Projetos/etl_twitter/.env/lib/python3.10/site-packages/airflow/example_dags/example_branch_labels.py                                             0           0
/Users/mikeiasoliveira/Documents/Projetos/etl_twitter/.env/lib/python3.10/site-packages/airflow/example_dags/example_task_group.py                                                0           0
/Users/mikeiasoliveira/Documents/Projetos/etl_twitter/.env/lib/python3.10/site-packages/airflow/example_dags/tutorial_taskflow_api_etl_virtualenv.py                              0           0  30.67s          2023-02-12T16:54:05
/Users/mikeiasoliveira/Documents/Projetos/etl_twitter/.env/lib/python3.10/site-packages/airflow/example_dags/tutorial.py                                                          0           0
/Users/mikeiasoliveira/Documents/Projetos/etl_twitter/.env/lib/python3.10/site-packages/airflow/example_dags/example_sla_dag.py                                                   0           0
/Users/mikeiasoliveira/Documents/Projetos/etl_twitter/.env/lib/python3.10/site-packages/airflow/example_dags/example_passing_params_via_test_command.py                           0           0
/Users/mikeiasoliveira/Documents/Projetos/etl_twitter/.env/lib/python3.10/site-packages/airflow/example_dags/example_latest_only_with_trigger.py                                  0           0
/Users/mikeiasoliveira/Documents/Projetos/etl_twitter/.env/lib/python3.10/site-packages/airflow/example_dags/example_time_delta_sensor_async.py                                   0           0
/Users/mikeiasoliveira/Documents/Projetos/etl_twitter/.env/lib/python3.10/site-packages/airflow/example_dags/example_dag_decorator.py                                             0           0
/Users/mikeiasoliveira/Documents/Projetos/etl_twitter/.env/lib/python3.10/site-packages/airflow/example_dags/example_xcom.py                                                      0           0
/Users/mikeiasoliveira/Documents/Projetos/etl_twitter/.env/lib/python3.10/site-packages/airflow/example_dags/example_xcomargs.py                                                  0           0
/Users/mikeiasoliveira/Documents/Projetos/etl_twitter/.env/lib/python3.10/site-packages/airflow/example_dags/example_branch_operator_decorator.py                                 0           0
/Users/mikeiasoliveira/Documents/Projetos/etl_twitter/.env/lib/python3.10/site-packages/airflow/example_dags/example_branch_day_of_week_operator.py                               0           0
/Users/mikeiasoliveira/Documents/Projetos/etl_twitter/.env/lib/python3.10/site-packages/airflow/example_dags/example_skip_dag.py                                                  0           0
/Users/mikeiasoliveira/Documents/Projetos/etl_twitter/.env/lib/python3.10/site-packages/airflow/example_dags/example_trigger_target_dag.py                                        0           0
/Users/mikeiasoliveira/Documents/Projetos/etl_twitter/.env/lib/python3.10/site-packages/airflow/example_dags/example_kubernetes_executor.py                                       0           0
/Users/mikeiasoliveira/Documents/Projetos/etl_twitter/.env/lib/python3.10/site-packages/airflow/example_dags/example_branch_python_dop_operator_3.py                              0           0
/Users/mikeiasoliveira/Documents/Projetos/etl_twitter/.env/lib/python3.10/site-packages/airflow/example_dags/example_branch_datetime_operator.py                                  0           0
/Users/mikeiasoliveira/Documents/Projetos/etl_twitter/.env/lib/python3.10/site-packages/airflow/example_dags/example_nested_branch_dag.py                                         0           0
/Users/mikeiasoliveira/Documents/Projetos/etl_twitter/.env/lib/python3.10/site-packages/airflow/example_dags/example_subdag_operator.py                                           0           0
/Users/mikeiasoliveira/Documents/Projetos/etl_twitter/.env/lib/python3.10/site-packages/airflow/example_dags/example_trigger_controller_dag.py                                    0           0
/Users/mikeiasoliveira/Documents/Projetos/etl_twitter/.env/lib/python3.10/site-packages/airflow/example_dags/plugins/workday.py                                                   0           0  19.84s          2023-02-12T16:53:33
/Users/mikeiasoliveira/Documents/Projetos/etl_twitter/.env/lib/python3.10/site-packages/airflow/example_dags/subdags/subdag.py                                                    0           0  15.85s          2023-02-12T16:53:12
================================================================================
[2023-02-12 13:55:22,518] {manager.py:809} INFO - 
================================================================================
DAG File Processing Stats

File Path                                                                                                                                                PID    Runtime      # DAGs    # Errors  Last Runtime    Last Run
-------------------------------------------------------------------------------------------------------------------------------------------------------  -----  ---------  --------  ----------  --------------  -------------------
/Users/mikeiasoliveira/Documents/Projetos/etl_twitter/.env/lib/python3.10/site-packages/airflow/example_dags/example_latest_only.py                                               0           0
/Users/mikeiasoliveira/Documents/Projetos/etl_twitter/.env/lib/python3.10/site-packages/airflow/example_dags/example_local_kubernetes_executor.py                                 0           0
/Users/mikeiasoliveira/Documents/Projetos/etl_twitter/.env/lib/python3.10/site-packages/airflow/example_dags/example_task_group_decorator.py                                      0           0
/Users/mikeiasoliveira/Documents/Projetos/etl_twitter/.env/lib/python3.10/site-packages/airflow/example_dags/example_complex.py                                                   0           0
/Users/mikeiasoliveira/Documents/Projetos/etl_twitter/.env/lib/python3.10/site-packages/airflow/example_dags/example_python_operator.py                                           0           0
/Users/mikeiasoliveira/Documents/Projetos/etl_twitter/.env/lib/python3.10/site-packages/airflow/example_dags/example_external_task_marker_dag.py                                  0           0
/Users/mikeiasoliveira/Documents/Projetos/etl_twitter/.env/lib/python3.10/site-packages/airflow/example_dags/example_bash_operator.py                                             0           0
/Users/mikeiasoliveira/Documents/Projetos/etl_twitter/.env/lib/python3.10/site-packages/airflow/example_dags/example_short_circuit_operator.py                                    0           0
/Users/mikeiasoliveira/Documents/Projetos/etl_twitter/.env/lib/python3.10/site-packages/airflow/example_dags/example_branch_operator.py                                           0           0
/Users/mikeiasoliveira/Documents/Projetos/etl_twitter/.env/lib/python3.10/site-packages/airflow/example_dags/tutorial_etl_dag.py                                                  0           0
/Users/mikeiasoliveira/Documents/Projetos/etl_twitter/.env/lib/python3.10/site-packages/airflow/example_dags/example_branch_labels.py                                             0           0
/Users/mikeiasoliveira/Documents/Projetos/etl_twitter/.env/lib/python3.10/site-packages/airflow/example_dags/example_task_group.py                                                0           0
/Users/mikeiasoliveira/Documents/Projetos/etl_twitter/.env/lib/python3.10/site-packages/airflow/example_dags/tutorial_taskflow_api_etl_virtualenv.py                              0           0  30.67s          2023-02-12T16:54:05
/Users/mikeiasoliveira/Documents/Projetos/etl_twitter/.env/lib/python3.10/site-packages/airflow/example_dags/tutorial.py                                                          0           0
/Users/mikeiasoliveira/Documents/Projetos/etl_twitter/.env/lib/python3.10/site-packages/airflow/example_dags/example_sla_dag.py                                                   0           0
/Users/mikeiasoliveira/Documents/Projetos/etl_twitter/.env/lib/python3.10/site-packages/airflow/example_dags/example_passing_params_via_test_command.py                           0           0
/Users/mikeiasoliveira/Documents/Projetos/etl_twitter/.env/lib/python3.10/site-packages/airflow/example_dags/example_latest_only_with_trigger.py                                  0           0
/Users/mikeiasoliveira/Documents/Projetos/etl_twitter/.env/lib/python3.10/site-packages/airflow/example_dags/example_time_delta_sensor_async.py                                   0           0
/Users/mikeiasoliveira/Documents/Projetos/etl_twitter/.env/lib/python3.10/site-packages/airflow/example_dags/example_dag_decorator.py                                             0           0
/Users/mikeiasoliveira/Documents/Projetos/etl_twitter/.env/lib/python3.10/site-packages/airflow/example_dags/example_xcom.py                                                      0           0
/Users/mikeiasoliveira/Documents/Projetos/etl_twitter/.env/lib/python3.10/site-packages/airflow/example_dags/example_xcomargs.py                                                  0           0
/Users/mikeiasoliveira/Documents/Projetos/etl_twitter/.env/lib/python3.10/site-packages/airflow/example_dags/example_branch_operator_decorator.py                                 0           0
/Users/mikeiasoliveira/Documents/Projetos/etl_twitter/.env/lib/python3.10/site-packages/airflow/example_dags/example_branch_day_of_week_operator.py                               0           0
/Users/mikeiasoliveira/Documents/Projetos/etl_twitter/.env/lib/python3.10/site-packages/airflow/example_dags/example_skip_dag.py                                                  0           0
/Users/mikeiasoliveira/Documents/Projetos/etl_twitter/.env/lib/python3.10/site-packages/airflow/example_dags/example_trigger_target_dag.py                                        0           0
/Users/mikeiasoliveira/Documents/Projetos/etl_twitter/.env/lib/python3.10/site-packages/airflow/example_dags/example_kubernetes_executor.py                                       0           0
/Users/mikeiasoliveira/Documents/Projetos/etl_twitter/.env/lib/python3.10/site-packages/airflow/example_dags/example_branch_python_dop_operator_3.py                              0           0
/Users/mikeiasoliveira/Documents/Projetos/etl_twitter/.env/lib/python3.10/site-packages/airflow/example_dags/example_branch_datetime_operator.py                                  0           0
/Users/mikeiasoliveira/Documents/Projetos/etl_twitter/.env/lib/python3.10/site-packages/airflow/example_dags/example_nested_branch_dag.py                                         0           0
/Users/mikeiasoliveira/Documents/Projetos/etl_twitter/.env/lib/python3.10/site-packages/airflow/example_dags/example_subdag_operator.py                                           0           0
/Users/mikeiasoliveira/Documents/Projetos/etl_twitter/.env/lib/python3.10/site-packages/airflow/example_dags/example_trigger_controller_dag.py                                    0           0
/Users/mikeiasoliveira/Documents/Projetos/etl_twitter/.env/lib/python3.10/site-packages/airflow/example_dags/plugins/workday.py                                                   0           0  19.84s          2023-02-12T16:53:33
/Users/mikeiasoliveira/Documents/Projetos/etl_twitter/.env/lib/python3.10/site-packages/airflow/example_dags/subdags/subdag.py                                                    0           0  15.85s          2023-02-12T16:53:12
/Users/mikeiasoliveira/Documents/Projetos/etl_twitter/.env/lib/python3.10/site-packages/airflow/example_dags/tutorial_taskflow_api_etl.py                                         1           0  76.00s          2023-02-12T16:55:22
================================================================================
[2023-02-12 13:55:55,167] {manager.py:809} INFO - 
================================================================================
DAG File Processing Stats

File Path                                                                                                                                                PID    Runtime      # DAGs    # Errors  Last Runtime    Last Run
-------------------------------------------------------------------------------------------------------------------------------------------------------  -----  ---------  --------  ----------  --------------  -------------------
/Users/mikeiasoliveira/Documents/Projetos/etl_twitter/.env/lib/python3.10/site-packages/airflow/example_dags/example_latest_only.py                                               0           0
/Users/mikeiasoliveira/Documents/Projetos/etl_twitter/.env/lib/python3.10/site-packages/airflow/example_dags/example_local_kubernetes_executor.py                                 0           0
/Users/mikeiasoliveira/Documents/Projetos/etl_twitter/.env/lib/python3.10/site-packages/airflow/example_dags/example_task_group_decorator.py                                      0           0
/Users/mikeiasoliveira/Documents/Projetos/etl_twitter/.env/lib/python3.10/site-packages/airflow/example_dags/example_complex.py                                                   0           0
/Users/mikeiasoliveira/Documents/Projetos/etl_twitter/.env/lib/python3.10/site-packages/airflow/example_dags/example_python_operator.py                                           0           0
/Users/mikeiasoliveira/Documents/Projetos/etl_twitter/.env/lib/python3.10/site-packages/airflow/example_dags/example_external_task_marker_dag.py                                  0           0
/Users/mikeiasoliveira/Documents/Projetos/etl_twitter/.env/lib/python3.10/site-packages/airflow/example_dags/example_bash_operator.py                                             0           0
/Users/mikeiasoliveira/Documents/Projetos/etl_twitter/.env/lib/python3.10/site-packages/airflow/example_dags/example_short_circuit_operator.py                                    0           0
/Users/mikeiasoliveira/Documents/Projetos/etl_twitter/.env/lib/python3.10/site-packages/airflow/example_dags/example_branch_operator.py                                           0           0
/Users/mikeiasoliveira/Documents/Projetos/etl_twitter/.env/lib/python3.10/site-packages/airflow/example_dags/example_branch_labels.py                                             0           0
/Users/mikeiasoliveira/Documents/Projetos/etl_twitter/.env/lib/python3.10/site-packages/airflow/example_dags/example_task_group.py                                                0           0
/Users/mikeiasoliveira/Documents/Projetos/etl_twitter/.env/lib/python3.10/site-packages/airflow/example_dags/tutorial_taskflow_api_etl_virtualenv.py                              0           0  30.67s          2023-02-12T16:54:05
/Users/mikeiasoliveira/Documents/Projetos/etl_twitter/.env/lib/python3.10/site-packages/airflow/example_dags/tutorial.py                                                          0           0
/Users/mikeiasoliveira/Documents/Projetos/etl_twitter/.env/lib/python3.10/site-packages/airflow/example_dags/example_sla_dag.py                                                   0           0
/Users/mikeiasoliveira/Documents/Projetos/etl_twitter/.env/lib/python3.10/site-packages/airflow/example_dags/example_passing_params_via_test_command.py                           0           0
/Users/mikeiasoliveira/Documents/Projetos/etl_twitter/.env/lib/python3.10/site-packages/airflow/example_dags/example_latest_only_with_trigger.py                                  0           0
/Users/mikeiasoliveira/Documents/Projetos/etl_twitter/.env/lib/python3.10/site-packages/airflow/example_dags/example_time_delta_sensor_async.py                                   0           0
/Users/mikeiasoliveira/Documents/Projetos/etl_twitter/.env/lib/python3.10/site-packages/airflow/example_dags/example_dag_decorator.py                                             0           0
/Users/mikeiasoliveira/Documents/Projetos/etl_twitter/.env/lib/python3.10/site-packages/airflow/example_dags/example_xcom.py                                                      0           0
/Users/mikeiasoliveira/Documents/Projetos/etl_twitter/.env/lib/python3.10/site-packages/airflow/example_dags/example_xcomargs.py                                                  0           0
/Users/mikeiasoliveira/Documents/Projetos/etl_twitter/.env/lib/python3.10/site-packages/airflow/example_dags/example_branch_operator_decorator.py                                 0           0
/Users/mikeiasoliveira/Documents/Projetos/etl_twitter/.env/lib/python3.10/site-packages/airflow/example_dags/example_branch_day_of_week_operator.py                               0           0
/Users/mikeiasoliveira/Documents/Projetos/etl_twitter/.env/lib/python3.10/site-packages/airflow/example_dags/example_skip_dag.py                                                  0           0
/Users/mikeiasoliveira/Documents/Projetos/etl_twitter/.env/lib/python3.10/site-packages/airflow/example_dags/example_trigger_target_dag.py                                        0           0
/Users/mikeiasoliveira/Documents/Projetos/etl_twitter/.env/lib/python3.10/site-packages/airflow/example_dags/example_kubernetes_executor.py                                       0           0
/Users/mikeiasoliveira/Documents/Projetos/etl_twitter/.env/lib/python3.10/site-packages/airflow/example_dags/example_branch_python_dop_operator_3.py                              0           0
/Users/mikeiasoliveira/Documents/Projetos/etl_twitter/.env/lib/python3.10/site-packages/airflow/example_dags/example_branch_datetime_operator.py                                  0           0
/Users/mikeiasoliveira/Documents/Projetos/etl_twitter/.env/lib/python3.10/site-packages/airflow/example_dags/example_nested_branch_dag.py                                         0           0
/Users/mikeiasoliveira/Documents/Projetos/etl_twitter/.env/lib/python3.10/site-packages/airflow/example_dags/example_subdag_operator.py                                           0           0
/Users/mikeiasoliveira/Documents/Projetos/etl_twitter/.env/lib/python3.10/site-packages/airflow/example_dags/example_trigger_controller_dag.py                                    0           0
/Users/mikeiasoliveira/Documents/Projetos/etl_twitter/.env/lib/python3.10/site-packages/airflow/example_dags/plugins/workday.py                                                   0           0  19.84s          2023-02-12T16:53:33
/Users/mikeiasoliveira/Documents/Projetos/etl_twitter/.env/lib/python3.10/site-packages/airflow/example_dags/subdags/subdag.py                                                    0           0  15.85s          2023-02-12T16:53:12
/Users/mikeiasoliveira/Documents/Projetos/etl_twitter/.env/lib/python3.10/site-packages/airflow/example_dags/tutorial_taskflow_api_etl.py                                         1           0  76.00s          2023-02-12T16:55:22
/Users/mikeiasoliveira/Documents/Projetos/etl_twitter/.env/lib/python3.10/site-packages/airflow/example_dags/tutorial_etl_dag.py                                                  1           0  31.06s          2023-02-12T16:55:55
================================================================================
[2023-02-12 13:56:30,855] {manager.py:809} INFO - 
================================================================================
DAG File Processing Stats

File Path                                                                                                                                                PID    Runtime      # DAGs    # Errors  Last Runtime    Last Run
-------------------------------------------------------------------------------------------------------------------------------------------------------  -----  ---------  --------  ----------  --------------  -------------------
/Users/mikeiasoliveira/Documents/Projetos/etl_twitter/.env/lib/python3.10/site-packages/airflow/example_dags/example_latest_only.py                                               0           0
/Users/mikeiasoliveira/Documents/Projetos/etl_twitter/.env/lib/python3.10/site-packages/airflow/example_dags/example_local_kubernetes_executor.py                                 0           0
/Users/mikeiasoliveira/Documents/Projetos/etl_twitter/.env/lib/python3.10/site-packages/airflow/example_dags/example_task_group_decorator.py                                      0           0
/Users/mikeiasoliveira/Documents/Projetos/etl_twitter/.env/lib/python3.10/site-packages/airflow/example_dags/example_complex.py                                                   0           0
/Users/mikeiasoliveira/Documents/Projetos/etl_twitter/.env/lib/python3.10/site-packages/airflow/example_dags/example_python_operator.py                                           0           0
/Users/mikeiasoliveira/Documents/Projetos/etl_twitter/.env/lib/python3.10/site-packages/airflow/example_dags/example_external_task_marker_dag.py                                  0           0
/Users/mikeiasoliveira/Documents/Projetos/etl_twitter/.env/lib/python3.10/site-packages/airflow/example_dags/example_bash_operator.py                                             0           0
/Users/mikeiasoliveira/Documents/Projetos/etl_twitter/.env/lib/python3.10/site-packages/airflow/example_dags/example_short_circuit_operator.py                                    0           0
/Users/mikeiasoliveira/Documents/Projetos/etl_twitter/.env/lib/python3.10/site-packages/airflow/example_dags/example_branch_operator.py                                           0           0
/Users/mikeiasoliveira/Documents/Projetos/etl_twitter/.env/lib/python3.10/site-packages/airflow/example_dags/example_branch_labels.py                                             0           0
/Users/mikeiasoliveira/Documents/Projetos/etl_twitter/.env/lib/python3.10/site-packages/airflow/example_dags/example_task_group.py                                                0           0
/Users/mikeiasoliveira/Documents/Projetos/etl_twitter/.env/lib/python3.10/site-packages/airflow/example_dags/tutorial_taskflow_api_etl_virtualenv.py                              0           0  30.67s          2023-02-12T16:54:05
/Users/mikeiasoliveira/Documents/Projetos/etl_twitter/.env/lib/python3.10/site-packages/airflow/example_dags/example_sla_dag.py                                                   0           0
/Users/mikeiasoliveira/Documents/Projetos/etl_twitter/.env/lib/python3.10/site-packages/airflow/example_dags/example_passing_params_via_test_command.py                           0           0
/Users/mikeiasoliveira/Documents/Projetos/etl_twitter/.env/lib/python3.10/site-packages/airflow/example_dags/example_latest_only_with_trigger.py                                  0           0
/Users/mikeiasoliveira/Documents/Projetos/etl_twitter/.env/lib/python3.10/site-packages/airflow/example_dags/example_time_delta_sensor_async.py                                   0           0
/Users/mikeiasoliveira/Documents/Projetos/etl_twitter/.env/lib/python3.10/site-packages/airflow/example_dags/example_dag_decorator.py                                             0           0
/Users/mikeiasoliveira/Documents/Projetos/etl_twitter/.env/lib/python3.10/site-packages/airflow/example_dags/example_xcom.py                                                      0           0
/Users/mikeiasoliveira/Documents/Projetos/etl_twitter/.env/lib/python3.10/site-packages/airflow/example_dags/example_branch_operator_decorator.py                                 0           0
/Users/mikeiasoliveira/Documents/Projetos/etl_twitter/.env/lib/python3.10/site-packages/airflow/example_dags/example_branch_day_of_week_operator.py                               0           0
/Users/mikeiasoliveira/Documents/Projetos/etl_twitter/.env/lib/python3.10/site-packages/airflow/example_dags/example_skip_dag.py                                                  0           0
/Users/mikeiasoliveira/Documents/Projetos/etl_twitter/.env/lib/python3.10/site-packages/airflow/example_dags/example_trigger_target_dag.py                                        0           0
/Users/mikeiasoliveira/Documents/Projetos/etl_twitter/.env/lib/python3.10/site-packages/airflow/example_dags/example_kubernetes_executor.py                                       0           0
/Users/mikeiasoliveira/Documents/Projetos/etl_twitter/.env/lib/python3.10/site-packages/airflow/example_dags/example_branch_python_dop_operator_3.py                              0           0
/Users/mikeiasoliveira/Documents/Projetos/etl_twitter/.env/lib/python3.10/site-packages/airflow/example_dags/example_branch_datetime_operator.py                                  0           0
/Users/mikeiasoliveira/Documents/Projetos/etl_twitter/.env/lib/python3.10/site-packages/airflow/example_dags/example_nested_branch_dag.py                                         0           0
/Users/mikeiasoliveira/Documents/Projetos/etl_twitter/.env/lib/python3.10/site-packages/airflow/example_dags/example_subdag_operator.py                                           0           0
/Users/mikeiasoliveira/Documents/Projetos/etl_twitter/.env/lib/python3.10/site-packages/airflow/example_dags/example_trigger_controller_dag.py                                    0           0
/Users/mikeiasoliveira/Documents/Projetos/etl_twitter/.env/lib/python3.10/site-packages/airflow/example_dags/plugins/workday.py                                                   0           0  19.84s          2023-02-12T16:53:33
/Users/mikeiasoliveira/Documents/Projetos/etl_twitter/.env/lib/python3.10/site-packages/airflow/example_dags/subdags/subdag.py                                                    0           0  15.85s          2023-02-12T16:53:12
/Users/mikeiasoliveira/Documents/Projetos/etl_twitter/.env/lib/python3.10/site-packages/airflow/example_dags/tutorial_taskflow_api_etl.py                                         1           0  76.00s          2023-02-12T16:55:22
/Users/mikeiasoliveira/Documents/Projetos/etl_twitter/.env/lib/python3.10/site-packages/airflow/example_dags/tutorial_etl_dag.py                                                  1           0  31.06s          2023-02-12T16:55:55
/Users/mikeiasoliveira/Documents/Projetos/etl_twitter/.env/lib/python3.10/site-packages/airflow/example_dags/tutorial.py                                                          1           0  19.98s          2023-02-12T16:56:16
/Users/mikeiasoliveira/Documents/Projetos/etl_twitter/.env/lib/python3.10/site-packages/airflow/example_dags/example_xcomargs.py                                                  2           0  13.40s          2023-02-12T16:56:30
================================================================================
[2023-02-12 13:57:02,282] {manager.py:809} INFO - 
================================================================================
DAG File Processing Stats

File Path                                                                                                                                                PID    Runtime      # DAGs    # Errors  Last Runtime    Last Run
-------------------------------------------------------------------------------------------------------------------------------------------------------  -----  ---------  --------  ----------  --------------  -------------------
/Users/mikeiasoliveira/Documents/Projetos/etl_twitter/.env/lib/python3.10/site-packages/airflow/example_dags/example_latest_only.py                                               0           0
/Users/mikeiasoliveira/Documents/Projetos/etl_twitter/.env/lib/python3.10/site-packages/airflow/example_dags/example_local_kubernetes_executor.py                                 0           0
/Users/mikeiasoliveira/Documents/Projetos/etl_twitter/.env/lib/python3.10/site-packages/airflow/example_dags/example_complex.py                                                   0           0
/Users/mikeiasoliveira/Documents/Projetos/etl_twitter/.env/lib/python3.10/site-packages/airflow/example_dags/example_python_operator.py                                           0           0
/Users/mikeiasoliveira/Documents/Projetos/etl_twitter/.env/lib/python3.10/site-packages/airflow/example_dags/example_external_task_marker_dag.py                                  0           0
/Users/mikeiasoliveira/Documents/Projetos/etl_twitter/.env/lib/python3.10/site-packages/airflow/example_dags/example_bash_operator.py                                             0           0
/Users/mikeiasoliveira/Documents/Projetos/etl_twitter/.env/lib/python3.10/site-packages/airflow/example_dags/example_short_circuit_operator.py                                    0           0
/Users/mikeiasoliveira/Documents/Projetos/etl_twitter/.env/lib/python3.10/site-packages/airflow/example_dags/example_branch_operator.py                                           0           0
/Users/mikeiasoliveira/Documents/Projetos/etl_twitter/.env/lib/python3.10/site-packages/airflow/example_dags/example_branch_labels.py                                             0           0
/Users/mikeiasoliveira/Documents/Projetos/etl_twitter/.env/lib/python3.10/site-packages/airflow/example_dags/tutorial_taskflow_api_etl_virtualenv.py                              0           0  30.67s          2023-02-12T16:54:05
/Users/mikeiasoliveira/Documents/Projetos/etl_twitter/.env/lib/python3.10/site-packages/airflow/example_dags/example_passing_params_via_test_command.py                           0           0
/Users/mikeiasoliveira/Documents/Projetos/etl_twitter/.env/lib/python3.10/site-packages/airflow/example_dags/example_latest_only_with_trigger.py                                  0           0
/Users/mikeiasoliveira/Documents/Projetos/etl_twitter/.env/lib/python3.10/site-packages/airflow/example_dags/example_dag_decorator.py                                             0           0
/Users/mikeiasoliveira/Documents/Projetos/etl_twitter/.env/lib/python3.10/site-packages/airflow/example_dags/example_branch_operator_decorator.py                                 0           0
/Users/mikeiasoliveira/Documents/Projetos/etl_twitter/.env/lib/python3.10/site-packages/airflow/example_dags/example_branch_day_of_week_operator.py                               0           0
/Users/mikeiasoliveira/Documents/Projetos/etl_twitter/.env/lib/python3.10/site-packages/airflow/example_dags/example_skip_dag.py                                                  0           0
/Users/mikeiasoliveira/Documents/Projetos/etl_twitter/.env/lib/python3.10/site-packages/airflow/example_dags/example_kubernetes_executor.py                                       0           0
/Users/mikeiasoliveira/Documents/Projetos/etl_twitter/.env/lib/python3.10/site-packages/airflow/example_dags/example_branch_python_dop_operator_3.py                              0           0
/Users/mikeiasoliveira/Documents/Projetos/etl_twitter/.env/lib/python3.10/site-packages/airflow/example_dags/example_branch_datetime_operator.py                                  0           0
/Users/mikeiasoliveira/Documents/Projetos/etl_twitter/.env/lib/python3.10/site-packages/airflow/example_dags/example_nested_branch_dag.py                                         0           0
/Users/mikeiasoliveira/Documents/Projetos/etl_twitter/.env/lib/python3.10/site-packages/airflow/example_dags/plugins/workday.py                                                   0           0  19.84s          2023-02-12T16:53:33
/Users/mikeiasoliveira/Documents/Projetos/etl_twitter/.env/lib/python3.10/site-packages/airflow/example_dags/subdags/subdag.py                                                    0           0  15.85s          2023-02-12T16:53:12
/Users/mikeiasoliveira/Documents/Projetos/etl_twitter/.env/lib/python3.10/site-packages/airflow/example_dags/example_task_group_decorator.py                                      1           0  4.24s           2023-02-12T16:56:51
/Users/mikeiasoliveira/Documents/Projetos/etl_twitter/.env/lib/python3.10/site-packages/airflow/example_dags/tutorial_taskflow_api_etl.py                                         1           0  76.00s          2023-02-12T16:55:22
/Users/mikeiasoliveira/Documents/Projetos/etl_twitter/.env/lib/python3.10/site-packages/airflow/example_dags/tutorial_etl_dag.py                                                  1           0  31.06s          2023-02-12T16:55:55
/Users/mikeiasoliveira/Documents/Projetos/etl_twitter/.env/lib/python3.10/site-packages/airflow/example_dags/example_task_group.py                                                1           0  2.59s           2023-02-12T16:56:54
/Users/mikeiasoliveira/Documents/Projetos/etl_twitter/.env/lib/python3.10/site-packages/airflow/example_dags/tutorial.py                                                          1           0  19.98s          2023-02-12T16:56:16
/Users/mikeiasoliveira/Documents/Projetos/etl_twitter/.env/lib/python3.10/site-packages/airflow/example_dags/example_sla_dag.py                                                   1           0  2.59s           2023-02-12T16:57:02
/Users/mikeiasoliveira/Documents/Projetos/etl_twitter/.env/lib/python3.10/site-packages/airflow/example_dags/example_time_delta_sensor_async.py                                   1           0  2.07s           2023-02-12T16:56:46
/Users/mikeiasoliveira/Documents/Projetos/etl_twitter/.env/lib/python3.10/site-packages/airflow/example_dags/example_xcom.py                                                      1           0  5.82s           2023-02-12T16:56:37
/Users/mikeiasoliveira/Documents/Projetos/etl_twitter/.env/lib/python3.10/site-packages/airflow/example_dags/example_trigger_target_dag.py                                        1           0  2.54s           2023-02-12T16:56:40
/Users/mikeiasoliveira/Documents/Projetos/etl_twitter/.env/lib/python3.10/site-packages/airflow/example_dags/example_trigger_controller_dag.py                                    1           0  2.54s           2023-02-12T16:56:43
/Users/mikeiasoliveira/Documents/Projetos/etl_twitter/.env/lib/python3.10/site-packages/airflow/example_dags/example_xcomargs.py                                                  2           0  13.40s          2023-02-12T16:56:30
/Users/mikeiasoliveira/Documents/Projetos/etl_twitter/.env/lib/python3.10/site-packages/airflow/example_dags/example_subdag_operator.py                                           3           0  2.67s           2023-02-12T16:56:58
================================================================================
[2023-02-12 13:57:34,310] {manager.py:809} INFO - 
================================================================================
DAG File Processing Stats

File Path                                                                                                                                                PID    Runtime      # DAGs    # Errors  Last Runtime    Last Run
-------------------------------------------------------------------------------------------------------------------------------------------------------  -----  ---------  --------  ----------  --------------  -------------------
/Users/mikeiasoliveira/Documents/Projetos/etl_twitter/.env/lib/python3.10/site-packages/airflow/example_dags/example_local_kubernetes_executor.py                                 0           0  1.47s           2023-02-12T16:57:25
/Users/mikeiasoliveira/Documents/Projetos/etl_twitter/.env/lib/python3.10/site-packages/airflow/example_dags/example_complex.py                                                   0           0
/Users/mikeiasoliveira/Documents/Projetos/etl_twitter/.env/lib/python3.10/site-packages/airflow/example_dags/example_external_task_marker_dag.py                                  0           0
/Users/mikeiasoliveira/Documents/Projetos/etl_twitter/.env/lib/python3.10/site-packages/airflow/example_dags/example_bash_operator.py                                             0           0
/Users/mikeiasoliveira/Documents/Projetos/etl_twitter/.env/lib/python3.10/site-packages/airflow/example_dags/example_branch_operator.py                                           0           0
/Users/mikeiasoliveira/Documents/Projetos/etl_twitter/.env/lib/python3.10/site-packages/airflow/example_dags/example_branch_labels.py                                             0           0
/Users/mikeiasoliveira/Documents/Projetos/etl_twitter/.env/lib/python3.10/site-packages/airflow/example_dags/tutorial_taskflow_api_etl_virtualenv.py                              0           0  30.67s          2023-02-12T16:54:05
/Users/mikeiasoliveira/Documents/Projetos/etl_twitter/.env/lib/python3.10/site-packages/airflow/example_dags/example_dag_decorator.py                                             0           0
/Users/mikeiasoliveira/Documents/Projetos/etl_twitter/.env/lib/python3.10/site-packages/airflow/example_dags/example_branch_operator_decorator.py                                 0           0
/Users/mikeiasoliveira/Documents/Projetos/etl_twitter/.env/lib/python3.10/site-packages/airflow/example_dags/example_branch_day_of_week_operator.py                               0           0
/Users/mikeiasoliveira/Documents/Projetos/etl_twitter/.env/lib/python3.10/site-packages/airflow/example_dags/example_kubernetes_executor.py                                       0           0  1.30s           2023-02-12T16:57:34
/Users/mikeiasoliveira/Documents/Projetos/etl_twitter/.env/lib/python3.10/site-packages/airflow/example_dags/example_branch_python_dop_operator_3.py                              0           0
/Users/mikeiasoliveira/Documents/Projetos/etl_twitter/.env/lib/python3.10/site-packages/airflow/example_dags/example_branch_datetime_operator.py                                  0           0
/Users/mikeiasoliveira/Documents/Projetos/etl_twitter/.env/lib/python3.10/site-packages/airflow/example_dags/plugins/workday.py                                                   0           0  19.84s          2023-02-12T16:53:33
/Users/mikeiasoliveira/Documents/Projetos/etl_twitter/.env/lib/python3.10/site-packages/airflow/example_dags/subdags/subdag.py                                                    0           0  15.85s          2023-02-12T16:53:12
/Users/mikeiasoliveira/Documents/Projetos/etl_twitter/.env/lib/python3.10/site-packages/airflow/example_dags/example_latest_only.py                                               1           0  2.58s           2023-02-12T16:57:31
/Users/mikeiasoliveira/Documents/Projetos/etl_twitter/.env/lib/python3.10/site-packages/airflow/example_dags/example_task_group_decorator.py                                      1           0  4.24s           2023-02-12T16:56:51
/Users/mikeiasoliveira/Documents/Projetos/etl_twitter/.env/lib/python3.10/site-packages/airflow/example_dags/example_python_operator.py                                           1           0  2.61s           2023-02-12T16:57:15
/Users/mikeiasoliveira/Documents/Projetos/etl_twitter/.env/lib/python3.10/site-packages/airflow/example_dags/tutorial_taskflow_api_etl.py                                         1           0  76.00s          2023-02-12T16:55:22
/Users/mikeiasoliveira/Documents/Projetos/etl_twitter/.env/lib/python3.10/site-packages/airflow/example_dags/example_short_circuit_operator.py                                    1           0  3.62s           2023-02-12T16:57:12
/Users/mikeiasoliveira/Documents/Projetos/etl_twitter/.env/lib/python3.10/site-packages/airflow/example_dags/tutorial_etl_dag.py                                                  1           0  31.06s          2023-02-12T16:55:55
/Users/mikeiasoliveira/Documents/Projetos/etl_twitter/.env/lib/python3.10/site-packages/airflow/example_dags/example_task_group.py                                                1           0  2.59s           2023-02-12T16:56:54
/Users/mikeiasoliveira/Documents/Projetos/etl_twitter/.env/lib/python3.10/site-packages/airflow/example_dags/tutorial.py                                                          1           0  19.98s          2023-02-12T16:56:16
/Users/mikeiasoliveira/Documents/Projetos/etl_twitter/.env/lib/python3.10/site-packages/airflow/example_dags/example_sla_dag.py                                                   1           0  2.59s           2023-02-12T16:57:02
/Users/mikeiasoliveira/Documents/Projetos/etl_twitter/.env/lib/python3.10/site-packages/airflow/example_dags/example_passing_params_via_test_command.py                           1           0  2.69s           2023-02-12T16:57:19
/Users/mikeiasoliveira/Documents/Projetos/etl_twitter/.env/lib/python3.10/site-packages/airflow/example_dags/example_latest_only_with_trigger.py                                  1           0  2.79s           2023-02-12T16:57:29
/Users/mikeiasoliveira/Documents/Projetos/etl_twitter/.env/lib/python3.10/site-packages/airflow/example_dags/example_time_delta_sensor_async.py                                   1           0  2.07s           2023-02-12T16:56:46
/Users/mikeiasoliveira/Documents/Projetos/etl_twitter/.env/lib/python3.10/site-packages/airflow/example_dags/example_xcom.py                                                      1           0  5.82s           2023-02-12T16:56:37
/Users/mikeiasoliveira/Documents/Projetos/etl_twitter/.env/lib/python3.10/site-packages/airflow/example_dags/example_skip_dag.py                                                  1           0  4.24s           2023-02-12T16:57:07
/Users/mikeiasoliveira/Documents/Projetos/etl_twitter/.env/lib/python3.10/site-packages/airflow/example_dags/example_trigger_target_dag.py                                        1           0  2.54s           2023-02-12T16:56:40
/Users/mikeiasoliveira/Documents/Projetos/etl_twitter/.env/lib/python3.10/site-packages/airflow/example_dags/example_nested_branch_dag.py                                         1           0  2.53s           2023-02-12T16:57:22
/Users/mikeiasoliveira/Documents/Projetos/etl_twitter/.env/lib/python3.10/site-packages/airflow/example_dags/example_trigger_controller_dag.py                                    1           0  2.54s           2023-02-12T16:56:43
/Users/mikeiasoliveira/Documents/Projetos/etl_twitter/.env/lib/python3.10/site-packages/airflow/example_dags/example_xcomargs.py                                                  2           0  13.40s          2023-02-12T16:56:30
/Users/mikeiasoliveira/Documents/Projetos/etl_twitter/.env/lib/python3.10/site-packages/airflow/example_dags/example_subdag_operator.py                                           3           0  2.67s           2023-02-12T16:56:58
================================================================================
[2023-02-12 13:57:57,444] {manager.py:690} INFO - Searching for files in /Users/mikeiasoliveira/Documents/Projetos/etl_twitter/airflow/dags
[2023-02-12 13:57:57,565] {manager.py:693} INFO - There are 34 files in /Users/mikeiasoliveira/Documents/Projetos/etl_twitter/airflow/dags
[2023-02-12 13:58:00,024] {manager.py:462} INFO - Exiting gracefully upon receiving signal 15
[2023-02-12 13:58:15,379] {manager.py:480} INFO - Processing files using up to 1 processes at a time 
[2023-02-12 13:58:15,379] {manager.py:481} INFO - Process each file at most once every 30 seconds
[2023-02-12 13:58:15,379] {manager.py:482} INFO - Checking for new files in /Users/mikeiasoliveira/Documents/Projetos/etl_twitter/airflow/dags every 300 seconds
[2023-02-12 13:58:15,380] {manager.py:690} INFO - Searching for files in /Users/mikeiasoliveira/Documents/Projetos/etl_twitter/airflow/dags
[2023-02-12 13:58:15,400] {manager.py:693} INFO - There are 34 files in /Users/mikeiasoliveira/Documents/Projetos/etl_twitter/airflow/dags
[2023-02-12 13:58:17,766] {manager.py:809} INFO - 
================================================================================
DAG File Processing Stats

File Path                                                                                                                                                PID    Runtime      # DAGs    # Errors  Last Runtime    Last Run
-------------------------------------------------------------------------------------------------------------------------------------------------------  -----  ---------  --------  ----------  --------------  -------------------
/Users/mikeiasoliveira/Documents/Projetos/etl_twitter/.env/lib/python3.10/site-packages/airflow/example_dags/example_latest_only.py                                               0           0
/Users/mikeiasoliveira/Documents/Projetos/etl_twitter/.env/lib/python3.10/site-packages/airflow/example_dags/example_local_kubernetes_executor.py                                 0           0
/Users/mikeiasoliveira/Documents/Projetos/etl_twitter/.env/lib/python3.10/site-packages/airflow/example_dags/example_task_group_decorator.py                                      0           0
/Users/mikeiasoliveira/Documents/Projetos/etl_twitter/.env/lib/python3.10/site-packages/airflow/example_dags/example_complex.py                                                   0           0
/Users/mikeiasoliveira/Documents/Projetos/etl_twitter/.env/lib/python3.10/site-packages/airflow/example_dags/example_python_operator.py                                           0           0
/Users/mikeiasoliveira/Documents/Projetos/etl_twitter/.env/lib/python3.10/site-packages/airflow/example_dags/tutorial_taskflow_api_etl.py                                         0           0
/Users/mikeiasoliveira/Documents/Projetos/etl_twitter/.env/lib/python3.10/site-packages/airflow/example_dags/example_external_task_marker_dag.py                                  0           0
/Users/mikeiasoliveira/Documents/Projetos/etl_twitter/.env/lib/python3.10/site-packages/airflow/example_dags/example_bash_operator.py                                             0           0
/Users/mikeiasoliveira/Documents/Projetos/etl_twitter/.env/lib/python3.10/site-packages/airflow/example_dags/example_short_circuit_operator.py                                    0           0
/Users/mikeiasoliveira/Documents/Projetos/etl_twitter/.env/lib/python3.10/site-packages/airflow/example_dags/example_branch_operator.py                                           0           0
/Users/mikeiasoliveira/Documents/Projetos/etl_twitter/.env/lib/python3.10/site-packages/airflow/example_dags/tutorial_etl_dag.py                                                  0           0
/Users/mikeiasoliveira/Documents/Projetos/etl_twitter/.env/lib/python3.10/site-packages/airflow/example_dags/example_branch_labels.py                                             0           0
/Users/mikeiasoliveira/Documents/Projetos/etl_twitter/.env/lib/python3.10/site-packages/airflow/example_dags/example_task_group.py                                                0           0
/Users/mikeiasoliveira/Documents/Projetos/etl_twitter/.env/lib/python3.10/site-packages/airflow/example_dags/tutorial_taskflow_api_etl_virtualenv.py                              0           0
/Users/mikeiasoliveira/Documents/Projetos/etl_twitter/.env/lib/python3.10/site-packages/airflow/example_dags/tutorial.py                                                          0           0
/Users/mikeiasoliveira/Documents/Projetos/etl_twitter/.env/lib/python3.10/site-packages/airflow/example_dags/example_sla_dag.py                                                   0           0
/Users/mikeiasoliveira/Documents/Projetos/etl_twitter/.env/lib/python3.10/site-packages/airflow/example_dags/example_passing_params_via_test_command.py                           0           0
/Users/mikeiasoliveira/Documents/Projetos/etl_twitter/.env/lib/python3.10/site-packages/airflow/example_dags/example_latest_only_with_trigger.py                                  0           0
/Users/mikeiasoliveira/Documents/Projetos/etl_twitter/.env/lib/python3.10/site-packages/airflow/example_dags/example_time_delta_sensor_async.py                                   0           0
/Users/mikeiasoliveira/Documents/Projetos/etl_twitter/.env/lib/python3.10/site-packages/airflow/example_dags/example_dag_decorator.py                                             0           0
/Users/mikeiasoliveira/Documents/Projetos/etl_twitter/.env/lib/python3.10/site-packages/airflow/example_dags/example_xcom.py                                                      0           0
/Users/mikeiasoliveira/Documents/Projetos/etl_twitter/.env/lib/python3.10/site-packages/airflow/example_dags/example_xcomargs.py                                                  0           0
/Users/mikeiasoliveira/Documents/Projetos/etl_twitter/.env/lib/python3.10/site-packages/airflow/example_dags/example_branch_operator_decorator.py                                 0           0
/Users/mikeiasoliveira/Documents/Projetos/etl_twitter/.env/lib/python3.10/site-packages/airflow/example_dags/example_branch_day_of_week_operator.py                               0           0
/Users/mikeiasoliveira/Documents/Projetos/etl_twitter/.env/lib/python3.10/site-packages/airflow/example_dags/example_skip_dag.py                                                  0           0
/Users/mikeiasoliveira/Documents/Projetos/etl_twitter/.env/lib/python3.10/site-packages/airflow/example_dags/example_trigger_target_dag.py                                        0           0
/Users/mikeiasoliveira/Documents/Projetos/etl_twitter/.env/lib/python3.10/site-packages/airflow/example_dags/example_kubernetes_executor.py                                       0           0
/Users/mikeiasoliveira/Documents/Projetos/etl_twitter/.env/lib/python3.10/site-packages/airflow/example_dags/example_branch_python_dop_operator_3.py                              0           0
/Users/mikeiasoliveira/Documents/Projetos/etl_twitter/.env/lib/python3.10/site-packages/airflow/example_dags/example_branch_datetime_operator.py                                  0           0
/Users/mikeiasoliveira/Documents/Projetos/etl_twitter/.env/lib/python3.10/site-packages/airflow/example_dags/example_nested_branch_dag.py                                         0           0
/Users/mikeiasoliveira/Documents/Projetos/etl_twitter/.env/lib/python3.10/site-packages/airflow/example_dags/example_subdag_operator.py                                           0           0
/Users/mikeiasoliveira/Documents/Projetos/etl_twitter/.env/lib/python3.10/site-packages/airflow/example_dags/example_trigger_controller_dag.py                                    0           0
/Users/mikeiasoliveira/Documents/Projetos/etl_twitter/.env/lib/python3.10/site-packages/airflow/example_dags/plugins/workday.py                                                   0           0
/Users/mikeiasoliveira/Documents/Projetos/etl_twitter/.env/lib/python3.10/site-packages/airflow/example_dags/subdags/subdag.py                                                    0           0  2.26s           2023-02-12T16:58:17
================================================================================
[2023-02-12 13:58:48,674] {manager.py:809} INFO - 
================================================================================
DAG File Processing Stats

File Path                                                                                                                                                PID    Runtime      # DAGs    # Errors  Last Runtime    Last Run
-------------------------------------------------------------------------------------------------------------------------------------------------------  -----  ---------  --------  ----------  --------------  -------------------
/Users/mikeiasoliveira/Documents/Projetos/etl_twitter/.env/lib/python3.10/site-packages/airflow/example_dags/example_latest_only.py                                               0           0
/Users/mikeiasoliveira/Documents/Projetos/etl_twitter/.env/lib/python3.10/site-packages/airflow/example_dags/example_local_kubernetes_executor.py                                 0           0
/Users/mikeiasoliveira/Documents/Projetos/etl_twitter/.env/lib/python3.10/site-packages/airflow/example_dags/example_complex.py                                                   0           0
/Users/mikeiasoliveira/Documents/Projetos/etl_twitter/.env/lib/python3.10/site-packages/airflow/example_dags/example_python_operator.py                                           0           0
/Users/mikeiasoliveira/Documents/Projetos/etl_twitter/.env/lib/python3.10/site-packages/airflow/example_dags/example_external_task_marker_dag.py                                  0           0
/Users/mikeiasoliveira/Documents/Projetos/etl_twitter/.env/lib/python3.10/site-packages/airflow/example_dags/example_bash_operator.py                                             0           0
/Users/mikeiasoliveira/Documents/Projetos/etl_twitter/.env/lib/python3.10/site-packages/airflow/example_dags/example_short_circuit_operator.py                                    0           0
/Users/mikeiasoliveira/Documents/Projetos/etl_twitter/.env/lib/python3.10/site-packages/airflow/example_dags/example_branch_operator.py                                           0           0
/Users/mikeiasoliveira/Documents/Projetos/etl_twitter/.env/lib/python3.10/site-packages/airflow/example_dags/example_branch_labels.py                                             0           0
/Users/mikeiasoliveira/Documents/Projetos/etl_twitter/.env/lib/python3.10/site-packages/airflow/example_dags/tutorial_taskflow_api_etl_virtualenv.py                              0           0  1.52s           2023-02-12T16:58:23
/Users/mikeiasoliveira/Documents/Projetos/etl_twitter/.env/lib/python3.10/site-packages/airflow/example_dags/example_sla_dag.py                                                   0           0
/Users/mikeiasoliveira/Documents/Projetos/etl_twitter/.env/lib/python3.10/site-packages/airflow/example_dags/example_passing_params_via_test_command.py                           0           0
/Users/mikeiasoliveira/Documents/Projetos/etl_twitter/.env/lib/python3.10/site-packages/airflow/example_dags/example_latest_only_with_trigger.py                                  0           0
/Users/mikeiasoliveira/Documents/Projetos/etl_twitter/.env/lib/python3.10/site-packages/airflow/example_dags/example_dag_decorator.py                                             0           0
/Users/mikeiasoliveira/Documents/Projetos/etl_twitter/.env/lib/python3.10/site-packages/airflow/example_dags/example_branch_operator_decorator.py                                 0           0
/Users/mikeiasoliveira/Documents/Projetos/etl_twitter/.env/lib/python3.10/site-packages/airflow/example_dags/example_branch_day_of_week_operator.py                               0           0
/Users/mikeiasoliveira/Documents/Projetos/etl_twitter/.env/lib/python3.10/site-packages/airflow/example_dags/example_skip_dag.py                                                  0           0
/Users/mikeiasoliveira/Documents/Projetos/etl_twitter/.env/lib/python3.10/site-packages/airflow/example_dags/example_kubernetes_executor.py                                       0           0
/Users/mikeiasoliveira/Documents/Projetos/etl_twitter/.env/lib/python3.10/site-packages/airflow/example_dags/example_branch_python_dop_operator_3.py                              0           0
/Users/mikeiasoliveira/Documents/Projetos/etl_twitter/.env/lib/python3.10/site-packages/airflow/example_dags/example_branch_datetime_operator.py                                  0           0
/Users/mikeiasoliveira/Documents/Projetos/etl_twitter/.env/lib/python3.10/site-packages/airflow/example_dags/example_nested_branch_dag.py                                         0           0
/Users/mikeiasoliveira/Documents/Projetos/etl_twitter/.env/lib/python3.10/site-packages/airflow/example_dags/example_subdag_operator.py                                           0           0
/Users/mikeiasoliveira/Documents/Projetos/etl_twitter/.env/lib/python3.10/site-packages/airflow/example_dags/plugins/workday.py                                                   0           0  1.88s           2023-02-12T16:58:20
/Users/mikeiasoliveira/Documents/Projetos/etl_twitter/.env/lib/python3.10/site-packages/airflow/example_dags/subdags/subdag.py                                                    0           0  2.26s           2023-02-12T16:58:17
/Users/mikeiasoliveira/Documents/Projetos/etl_twitter/.env/lib/python3.10/site-packages/airflow/example_dags/example_task_group_decorator.py                                      1           0  2.28s           2023-02-12T16:58:47
/Users/mikeiasoliveira/Documents/Projetos/etl_twitter/.env/lib/python3.10/site-packages/airflow/example_dags/tutorial_taskflow_api_etl.py                                         1           0  2.27s           2023-02-12T16:58:26
/Users/mikeiasoliveira/Documents/Projetos/etl_twitter/.env/lib/python3.10/site-packages/airflow/example_dags/tutorial_etl_dag.py                                                  1           0  1.38s           2023-02-12T16:58:29
/Users/mikeiasoliveira/Documents/Projetos/etl_twitter/.env/lib/python3.10/site-packages/airflow/example_dags/example_task_group.py                                                1           0  1.30s           2023-02-12T16:58:48
/Users/mikeiasoliveira/Documents/Projetos/etl_twitter/.env/lib/python3.10/site-packages/airflow/example_dags/tutorial.py                                                          1           0  1.28s           2023-02-12T16:58:30
/Users/mikeiasoliveira/Documents/Projetos/etl_twitter/.env/lib/python3.10/site-packages/airflow/example_dags/example_time_delta_sensor_async.py                                   1           0  1.36s           2023-02-12T16:58:44
/Users/mikeiasoliveira/Documents/Projetos/etl_twitter/.env/lib/python3.10/site-packages/airflow/example_dags/example_xcom.py                                                      1           0  2.16s           2023-02-12T16:58:37
/Users/mikeiasoliveira/Documents/Projetos/etl_twitter/.env/lib/python3.10/site-packages/airflow/example_dags/example_trigger_target_dag.py                                        1           0  1.43s           2023-02-12T16:58:39
/Users/mikeiasoliveira/Documents/Projetos/etl_twitter/.env/lib/python3.10/site-packages/airflow/example_dags/example_trigger_controller_dag.py                                    1           0  1.29s           2023-02-12T16:58:42
/Users/mikeiasoliveira/Documents/Projetos/etl_twitter/.env/lib/python3.10/site-packages/airflow/example_dags/example_xcomargs.py                                                  2           0  2.45s           2023-02-12T16:58:34
================================================================================
[2023-02-12 13:59:08,458] {manager.py:462} INFO - Exiting gracefully upon receiving signal 15
[2023-02-12 14:01:18,922] {manager.py:480} INFO - Processing files using up to 1 processes at a time 
[2023-02-12 14:01:18,922] {manager.py:481} INFO - Process each file at most once every 30 seconds
[2023-02-12 14:01:18,922] {manager.py:482} INFO - Checking for new files in /Users/mikeiasoliveira/Documents/Projetos/etl_twitter/airflow/dags every 300 seconds
[2023-02-12 14:01:18,922] {manager.py:690} INFO - Searching for files in /Users/mikeiasoliveira/Documents/Projetos/etl_twitter/airflow/dags
[2023-02-12 14:01:18,923] {manager.py:693} INFO - There are 0 files in /Users/mikeiasoliveira/Documents/Projetos/etl_twitter/airflow/dags
[2023-02-12 14:01:49,763] {manager.py:462} INFO - Exiting gracefully upon receiving signal 15
[2023-02-12 14:02:07,280] {manager.py:480} INFO - Processing files using up to 1 processes at a time 
[2023-02-12 14:02:07,281] {manager.py:481} INFO - Process each file at most once every 30 seconds
[2023-02-12 14:02:07,281] {manager.py:482} INFO - Checking for new files in /Users/mikeiasoliveira/Documents/Projetos/etl_twitter/airflow/dags every 300 seconds
[2023-02-12 14:02:07,281] {manager.py:690} INFO - Searching for files in /Users/mikeiasoliveira/Documents/Projetos/etl_twitter/airflow/dags
[2023-02-12 14:02:07,282] {manager.py:693} INFO - There are 0 files in /Users/mikeiasoliveira/Documents/Projetos/etl_twitter/airflow/dags
